\BOOKMARK [1][-]{section.1}{Innledning}{}% 1
\BOOKMARK [1][-]{section.2}{Om arbeidsplassen}{}% 2
\BOOKMARK [2][-]{subsection.2.1}{Norut}{section.2}% 3
\BOOKMARK [2][-]{subsection.2.2}{Noe av fl\345ten}{section.2}% 4
\BOOKMARK [1][-]{section.3}{Gjennomf\370ring av praksis}{}% 5
\BOOKMARK [2][-]{subsection.3.1}{F\370rste uke og prosjekt}{section.3}% 6
\BOOKMARK [3][-]{subsubsection.3.1.1}{Backlog og GIS}{subsection.3.1}% 7
\BOOKMARK [3][-]{subsubsection.3.1.2}{Forberedelse til byggeprosjekt}{subsection.3.1}% 8
\BOOKMARK [2][-]{subsection.3.2}{P\345f\370lgende uker: Byggeprosjekt}{section.3}% 9
\BOOKMARK [3][-]{subsubsection.3.2.1}{Montering}{subsection.3.2}% 10
\BOOKMARK [3][-]{subsubsection.3.2.2}{Inspeksjon}{subsection.3.2}% 11
\BOOKMARK [3][-]{subsubsection.3.2.3}{Testflyging}{subsection.3.2}% 12
\BOOKMARK [1][-]{section.4}{Refleksjon over praksisperioden}{}% 13
\BOOKMARK [2][-]{subsection.4.1}{Arbeidsforhold}{section.4}% 14
\BOOKMARK [2][-]{subsection.4.2}{L\346rdom}{section.4}% 15
\BOOKMARK [1][-]{section.5}{Konklusjon}{}% 16
\BOOKMARK [1][-]{section.6}{Kildehenvisning}{}% 17
\BOOKMARK [1][-]{section.7}{Vedlegg}{}% 18
\BOOKMARK [1][-]{Tillegg.a.A}{Attest fra Norut}{}% 19
\BOOKMARK [1][-]{Tillegg.a.B}{Praksisplan}{}% 20
\BOOKMARK [1][-]{Tillegg.a.C}{Logg av praksisperiode}{}% 21
\BOOKMARK [1][-]{Tillegg.a.D}{Mission Acceptance Form}{}% 22
\BOOKMARK [1][-]{Tillegg.a.E}{CryoWing Observer byggelogg}{}% 23
\BOOKMARK [1][-]{Tillegg.a.F}{Determining CryoWing Observer capabilities}{}% 24
\BOOKMARK [1][-]{Tillegg.a.G}{CryoWing Observer Pilot Operating Handbook}{}% 25
